<?xml version="1.0" encoding="UTF-8"?>
<testsuite xmlns:xsi="http://www.w3.org/2001/XMLSchema-instance" xsi:noNamespaceSchemaLocation="https://maven.apache.org/surefire/maven-surefire-plugin/xsd/surefire-test-report-3.0.xsd" version="3.0" name="com.yamuna.BankAccountTest" time="0.013" tests="4" errors="0" skipped="0" failures="0">
  <properties>
[...]
</properties>
  <testcase name="testDeposit_increasesBalance" classname="com.yamuna.BankAccountTest" time="0.001">
    <system-out><![CDATA[=== Starting BankAccountTest suite ===
Setup: new BankAccount created with balance 100.0
Teardown: account reference cleared
]]></system-out>
  </testcase>
  <testcase name="testDeposit_negativeAmount_throwsException" classname="com.yamuna.BankAccountTest" time="0.001">
    <system-out><![CDATA[Setup: new BankAccount created with balance 100.0
Teardown: account reference cleared
]]></system-out>
  </testcase>
  <testcase name="testWithdraw_decreasesBalance" classname="com.yamuna.BankAccountTest" time="0.001">
    <system-out><![CDATA[Setup: new BankAccount created with balance 100.0
Teardown: account reference cleared
]]></system-out>
  </testcase>
  <testcase name="testWithdraw_insufficientBalance_throwsException" classname="com.yamuna.BankAccountTest" time="0.002">
    <system-out><![CDATA[Setup: new BankAccount created with balance 100.0
Teardown: account reference cleared
]]></system-out>
  </testcase>
</testsuite>