<?xml version="1.0" encoding="UTF-8"?>
<testng-results ignored="0" total="1" passed="1" failed="0" skipped="0">
  <reporter-output>
  </reporter-output>
  <suite started-at="2026-06-27T14:16:52 IST" name="Surefire suite" finished-at="2026-06-27T14:16:52 IST" duration-ms="59">
    <groups>
    </groups>
    <test started-at="2026-06-27T14:16:52 IST" name="Surefire test" finished-at="2026-06-27T14:16:52 IST" duration-ms="59">
      <class name="com.yamuna.AppTest">
        <test-method signature="testJUnitIsWorking()[pri:0, instance:com.yamuna.AppTest@7f1302d6]" started-at="2026-06-27T14:16:52 IST" name="testJUnitIsWorking" finished-at="2026-06-27T14:16:52 IST" duration-ms="8" status="PASS">
          <reporter-output>
          </reporter-output>
        </test-method> <!-- testJUnitIsWorking -->
      </class> <!-- com.yamuna.AppTest -->
    </test> <!-- Surefire test -->
  </suite> <!-- Surefire suite -->
</testng-results>
